# JRE version: OpenJDK Runtime Environment (8.0_242-b01) (build 1.8.0_242-release-1644-b01)
# Java VM: OpenJDK 64-Bit Server VM (25.242-b01 mixed mode windows-amd64 compressed oops)
Heap:
 PSYoungGen      total 607232K, used 536966K [0x00000000d5580000, 0x00000000ffa00000, 0x0000000100000000)
  eden space 520192K, 100% used [0x00000000d5580000,0x00000000f5180000,0x00000000f5180000)
  from space 87040K, 19% used [0x00000000fa500000,0x00000000fb561910,0x00000000ffa00000)
  to   space 85504K, 5% used [0x00000000f5180000,0x00000000f566e098,0x00000000fa500000)
 ParOldGen       total 261632K, used 193985K [0x0000000080000000, 0x000000008ff80000, 0x00000000d5580000)
  object space 261632K, 74% used [0x0000000080000000,0x000000008bd704b8,0x000000008ff80000)
 Metaspace       used 122292K, capacity 132972K, committed 133144K, reserved 1165312K
  class space    used 15348K, capacity 17352K, committed 17456K, reserved 1048576K
GC Heap History (10 events):
Event: 8633.296 GC heap after
Heap after GC invocations=90 (full 6):
 PSYoungGen      total 604160K, used 27576K [0x00000000d5580000, 0x0000000100000000, 0x0000000100000000)
  eden space 509440K, 0% used [0x00000000d5580000,0x00000000d5580000,0x00000000f4700000)
  from space 94720K, 29% used [0x00000000fa100000,0x00000000fbbee0a8,0x00000000ffd80000)
  to   space 92160K, 0% used [0x00000000f4700000,0x00000000f4700000,0x00000000fa100000)
 ParOldGen       total 261632K, used 167965K [0x0000000080000000, 0x000000008ff80000, 0x00000000d5580000)
  object space 261632K, 64% used [0x0000000080000000,0x000000008a4075d8,0x000000008ff80000)
 Metaspace       used 121991K, capacity 132666K, committed 132888K, reserved 1165312K
  class space    used 15347K, capacity 17351K, committed 17456K, reserved 1048576K
}
Event: 8634.357 GC heap before
{Heap before GC invocations=91 (full 6):
 PSYoungGen      total 604160K, used 537016K [0x00000000d5580000, 0x0000000100000000, 0x0000000100000000)
  eden space 509440K, 100% used [0x00000000d5580000,0x00000000f4700000,0x00000000f4700000)
  from space 94720K, 29% used [0x00000000fa100000,0x00000000fbbee0a8,0x00000000ffd80000)
  to   space 92160K, 0% used [0x00000000f4700000,0x00000000f4700000,0x00000000fa100000)
 ParOldGen       total 261632K, used 167965K [0x0000000080000000, 0x000000008ff80000, 0x00000000d5580000)
  object space 261632K, 64% used [0x0000000080000000,0x000000008a4075d8,0x000000008ff80000)
 Metaspace       used 121995K, capacity 132670K, committed 132888K, reserved 1165312K
  class space    used 15347K, capacity 17351K, committed 17456K, reserved 1048576K
Event: 8634.476 GC heap after
Heap after GC invocations=91 (full 6):
 PSYoungGen      total 601600K, used 20063K [0x00000000d5580000, 0x00000000ffb80000, 0x0000000100000000)
  eden space 509440K, 0% used [0x00000000d5580000,0x00000000d5580000,0x00000000f4700000)
  from space 92160K, 21% used [0x00000000f4700000,0x00000000f5a97fb8,0x00000000fa100000)
  to   space 91136K, 0% used [0x00000000fa280000,0x00000000fa280000,0x00000000ffb80000)
 ParOldGen       total 261632K, used 176432K [0x0000000080000000, 0x000000008ff80000, 0x00000000d5580000)
  object space 261632K, 67% used [0x0000000080000000,0x000000008ac4c128,0x000000008ff80000)
 Metaspace       used 121995K, capacity 132670K, committed 132888K, reserved 1165312K
  class space    used 15347K, capacity 17351K, committed 17456K, reserved 1048576K
}
Event: 8635.156 GC heap before
{Heap before GC invocations=92 (full 6):
 PSYoungGen      total 601600K, used 529503K [0x00000000d5580000, 0x00000000ffb80000, 0x0000000100000000)
  eden space 509440K, 100% used [0x00000000d5580000,0x00000000f4700000,0x00000000f4700000)
  from space 92160K, 21% used [0x00000000f4700000,0x00000000f5a97fb8,0x00000000fa100000)
  to   space 91136K, 0% used [0x00000000fa280000,0x00000000fa280000,0x00000000ffb80000)
 ParOldGen       total 261632K, used 176432K [0x0000000080000000, 0x000000008ff80000, 0x00000000d5580000)
  object space 261632K, 67% used [0x0000000080000000,0x000000008ac4c128,0x000000008ff80000)
 Metaspace       used 122199K, capacity 132892K, committed 133144K, reserved 1165312K
  class space    used 15348K, capacity 17352K, committed 17456K, reserved 1048576K
Event: 8635.199 GC heap after
Heap after GC invocations=92 (full 6):
 PSYoungGen      total 604672K, used 17881K [0x00000000d5580000, 0x00000000ffc00000, 0x0000000100000000)
  eden space 513536K, 0% used [0x00000000d5580000,0x00000000d5580000,0x00000000f4b00000)
  from space 91136K, 19% used [0x00000000fa280000,0x00000000fb3f65e8,0x00000000ffb80000)
  to   space 89600K, 0% used [0x00000000f4b00000,0x00000000f4b00000,0x00000000fa280000)
 ParOldGen       total 261632K, used 179866K [0x0000000080000000, 0x000000008ff80000, 0x00000000d5580000)
  object space 261632K, 68% used [0x0000000080000000,0x000000008afa6938,0x000000008ff80000)
 Metaspace       used 122199K, capacity 132892K, committed 133144K, reserved 1165312K
  class space    used 15348K, capacity 17352K, committed 17456K, reserved 1048576K
}
Event: 8636.304 GC heap before
{Heap before GC invocations=93 (full 6):
 PSYoungGen      total 604672K, used 531417K [0x00000000d5580000, 0x00000000ffc00000, 0x0000000100000000)
  eden space 513536K, 100% used [0x00000000d5580000,0x00000000f4b00000,0x00000000f4b00000)
  from space 91136K, 19% used [0x00000000fa280000,0x00000000fb3f65e8,0x00000000ffb80000)
  to   space 89600K, 0% used [0x00000000f4b00000,0x00000000f4b00000,0x00000000fa280000)
 ParOldGen       total 261632K, used 179866K [0x0000000080000000, 0x000000008ff80000, 0x00000000d5580000)
  object space 261632K, 68% used [0x0000000080000000,0x000000008afa6938,0x000000008ff80000)
 Metaspace       used 122260K, capacity 132968K, committed 133144K, reserved 1165312K
  class space    used 15348K, capacity 17352K, committed 17456K, reserved 1048576K
Event: 8636.354 GC heap after
Heap after GC invocations=93 (full 6):
 PSYoungGen      total 603136K, used 21460K [0x00000000d5580000, 0x00000000ffa80000, 0x0000000100000000)
  eden space 513536K, 0% used [0x00000000d5580000,0x00000000d5580000,0x00000000f4b00000)
  from space 89600K, 23% used [0x00000000f4b00000,0x00000000f5ff5178,0x00000000fa280000)
  to   space 87552K, 0% used [0x00000000fa500000,0x00000000fa500000,0x00000000ffa80000)
 ParOldGen       total 261632K, used 183394K [0x0000000080000000, 0x000000008ff80000, 0x00000000d5580000)
  object space 261632K, 70% used [0x0000000080000000,0x000000008b318bf8,0x000000008ff80000)
 Metaspace       used 122260K, capacity 132968K, committed 133144K, reserved 1165312K
  class space    used 15348K, capacity 17352K, committed 17456K, reserved 1048576K
}
Event: 8637.145 GC heap before
{Heap before GC invocations=94 (full 6):
 PSYoungGen      total 603136K, used 534996K [0x00000000d5580000, 0x00000000ffa80000, 0x0000000100000000)
  eden space 513536K, 100% used [0x00000000d5580000,0x00000000f4b00000,0x00000000f4b00000)
  from space 89600K, 23% used [0x00000000f4b00000,0x00000000f5ff5178,0x00000000fa280000)
  to   space 87552K, 0% used [0x00000000fa500000,0x00000000fa500000,0x00000000ffa80000)
 ParOldGen       total 261632K, used 183394K [0x0000000080000000, 0x000000008ff80000, 0x00000000d5580000)
  object space 261632K, 70% used [0x0000000080000000,0x000000008b318bf8,0x000000008ff80000)
 Metaspace       used 122282K, capacity 132972K, committed 133144K, reserved 1165312K
  class space    used 15348K, capacity 17352K, committed 17456K, reserved 1048576K
Event: 8637.196 GC heap after
Heap after GC invocations=94 (full 6):
 PSYoungGen      total 607232K, used 16774K [0x00000000d5580000, 0x00000000ffa00000, 0x0000000100000000)
  eden space 520192K, 0% used [0x00000000d5580000,0x00000000d5580000,0x00000000f5180000)
  from space 87040K, 19% used [0x00000000fa500000,0x00000000fb561910,0x00000000ffa00000)
  to   space 85504K, 0% used [0x00000000f5180000,0x00000000f5180000,0x00000000fa500000)
 ParOldGen       total 261632K, used 188324K [0x0000000080000000, 0x000000008ff80000, 0x00000000d5580000)
  object space 261632K, 71% used [0x0000000080000000,0x000000008b7e9238,0x000000008ff80000)
 Metaspace       used 122282K, capacity 132972K, committed 133144K, reserved 1165312K
  class space    used 15348K, capacity 17352K, committed 17456K, reserved 1048576K
}
Event: 8637.908 GC heap before
{Heap before GC invocations=95 (full 6):
 PSYoungGen      total 607232K, used 536966K [0x00000000d5580000, 0x00000000ffa00000, 0x0000000100000000)
  eden space 520192K, 100% used [0x00000000d5580000,0x00000000f5180000,0x00000000f5180000)
  from space 87040K, 19% used [0x00000000fa500000,0x00000000fb561910,0x00000000ffa00000)
  to   space 85504K, 0% used [0x00000000f5180000,0x00000000f5180000,0x00000000fa500000)
 ParOldGen       total 261632K, used 188324K [0x0000000080000000, 0x000000008ff80000, 0x00000000d5580000)
  object space 261632K, 71% used [0x0000000080000000,0x000000008b7e9238,0x000000008ff80000)
 Metaspace       used 122292K, capacity 132972K, committed 133144K, reserved 1165312K
  class space    used 15348K, capacity 17352K, committed 17456K, reserved 1048576K

