# JRE version: OpenJDK Runtime Environment (8.0_242-b01) (build 1.8.0_242-release-1644-b01)
# Java VM: OpenJDK 64-Bit Server VM (25.242-b01 mixed mode windows-amd64 compressed oops)
Heap:
 PSYoungGen      total 139776K, used 27391K [0x00000000d5580000, 0x00000000e2f80000, 0x0000000100000000)
  eden space 128512K, 21% used [0x00000000d5580000,0x00000000d703fe80,0x00000000dd300000)
  from space 11264K, 0% used [0x00000000dd300000,0x00000000dd300000,0x00000000dde00000)
  to   space 12800K, 0% used [0x00000000e2300000,0x00000000e2300000,0x00000000e2f80000)
 ParOldGen       total 46080K, used 17309K [0x0000000080000000, 0x0000000082d00000, 0x00000000d5580000)
  object space 46080K, 37% used [0x0000000080000000,0x00000000810e76d0,0x0000000082d00000)
 Metaspace       used 35545K, capacity 36786K, committed 37032K, reserved 1081344K
  class space    used 4890K, capacity 5170K, committed 5296K, reserved 1048576K
GC Heap History (10 events):
Event: 3.425 GC heap before
{Heap before GC invocations=7 (full 0):
 PSYoungGen      total 76288K, used 10754K [0x00000000d5580000, 0x00000000dab80000, 0x0000000100000000)
  eden space 66048K, 3% used [0x00000000d5580000,0x00000000d579aa80,0x00000000d9600000)
  from space 10240K, 83% used [0x00000000da080000,0x00000000da8e5f50,0x00000000daa80000)
  to   space 10752K, 0% used [0x00000000d9600000,0x00000000d9600000,0x00000000da080000)
 ParOldGen       total 87552K, used 6875K [0x0000000080000000, 0x0000000085580000, 0x00000000d5580000)
  object space 87552K, 7% used [0x0000000080000000,0x00000000806b6df0,0x0000000085580000)
 Metaspace       used 20587K, capacity 21224K, committed 21296K, reserved 1067008K
  class space    used 2876K, capacity 3076K, committed 3120K, reserved 1048576K
Event: 3.433 GC heap after
Heap after GC invocations=7 (full 0):
 PSYoungGen      total 76800K, used 3876K [0x00000000d5580000, 0x00000000deb80000, 0x0000000100000000)
  eden space 66048K, 0% used [0x00000000d5580000,0x00000000d5580000,0x00000000d9600000)
  from space 10752K, 36% used [0x00000000d9600000,0x00000000d99c9050,0x00000000da080000)
  to   space 10752K, 0% used [0x00000000de100000,0x00000000de100000,0x00000000deb80000)
 ParOldGen       total 87552K, used 9115K [0x0000000080000000, 0x0000000085580000, 0x00000000d5580000)
  object space 87552K, 10% used [0x0000000080000000,0x00000000808e6e60,0x0000000085580000)
 Metaspace       used 20587K, capacity 21224K, committed 21296K, reserved 1067008K
  class space    used 2876K, capacity 3076K, committed 3120K, reserved 1048576K
}
Event: 3.433 GC heap before
{Heap before GC invocations=8 (full 1):
 PSYoungGen      total 76800K, used 3876K [0x00000000d5580000, 0x00000000deb80000, 0x0000000100000000)
  eden space 66048K, 0% used [0x00000000d5580000,0x00000000d5580000,0x00000000d9600000)
  from space 10752K, 36% used [0x00000000d9600000,0x00000000d99c9050,0x00000000da080000)
  to   space 10752K, 0% used [0x00000000de100000,0x00000000de100000,0x00000000deb80000)
 ParOldGen       total 87552K, used 9115K [0x0000000080000000, 0x0000000085580000, 0x00000000d5580000)
  object space 87552K, 10% used [0x0000000080000000,0x00000000808e6e60,0x0000000085580000)
 Metaspace       used 20587K, capacity 21224K, committed 21296K, reserved 1067008K
  class space    used 2876K, capacity 3076K, committed 3120K, reserved 1048576K
Event: 3.463 GC heap after
Heap after GC invocations=8 (full 1):
 PSYoungGen      total 76800K, used 0K [0x00000000d5580000, 0x00000000deb80000, 0x0000000100000000)
  eden space 66048K, 0% used [0x00000000d5580000,0x00000000d5580000,0x00000000d9600000)
  from space 10752K, 0% used [0x00000000d9600000,0x00000000d9600000,0x00000000da080000)
  to   space 10752K, 0% used [0x00000000de100000,0x00000000de100000,0x00000000deb80000)
 ParOldGen       total 46080K, used 6660K [0x0000000080000000, 0x0000000082d00000, 0x00000000d5580000)
  object space 46080K, 14% used [0x0000000080000000,0x00000000806810e8,0x0000000082d00000)
 Metaspace       used 20587K, capacity 21224K, committed 21296K, reserved 1067008K
  class space    used 2876K, capacity 3076K, committed 3120K, reserved 1048576K
}
Event: 4.012 GC heap before
{Heap before GC invocations=9 (full 1):
 PSYoungGen      total 76800K, used 66048K [0x00000000d5580000, 0x00000000deb80000, 0x0000000100000000)
  eden space 66048K, 100% used [0x00000000d5580000,0x00000000d9600000,0x00000000d9600000)
  from space 10752K, 0% used [0x00000000d9600000,0x00000000d9600000,0x00000000da080000)
  to   space 10752K, 0% used [0x00000000de100000,0x00000000de100000,0x00000000deb80000)
 ParOldGen       total 46080K, used 6660K [0x0000000080000000, 0x0000000082d00000, 0x00000000d5580000)
  object space 46080K, 14% used [0x0000000080000000,0x00000000806810e8,0x0000000082d00000)
 Metaspace       used 28503K, capacity 29374K, committed 29616K, reserved 1075200K
  class space    used 3948K, capacity 4187K, committed 4272K, reserved 1048576K
Event: 4.020 GC heap after
Heap after GC invocations=9 (full 1):
 PSYoungGen      total 135680K, used 8179K [0x00000000d5580000, 0x00000000de900000, 0x0000000100000000)
  eden space 127488K, 0% used [0x00000000d5580000,0x00000000d5580000,0x00000000dd200000)
  from space 8192K, 99% used [0x00000000de100000,0x00000000de8fcdf8,0x00000000de900000)
  to   space 11264K, 0% used [0x00000000dd300000,0x00000000dd300000,0x00000000dde00000)
 ParOldGen       total 46080K, used 6668K [0x0000000080000000, 0x0000000082d00000, 0x00000000d5580000)
  object space 46080K, 14% used [0x0000000080000000,0x00000000806830e8,0x0000000082d00000)
 Metaspace       used 28503K, capacity 29374K, committed 29616K, reserved 1075200K
  class space    used 3948K, capacity 4187K, committed 4272K, reserved 1048576K
}
Event: 4.756 GC heap before
{Heap before GC invocations=10 (full 1):
 PSYoungGen      total 135680K, used 104324K [0x00000000d5580000, 0x00000000de900000, 0x0000000100000000)
  eden space 127488K, 75% used [0x00000000d5580000,0x00000000db364368,0x00000000dd200000)
  from space 8192K, 99% used [0x00000000de100000,0x00000000de8fcdf8,0x00000000de900000)
  to   space 11264K, 0% used [0x00000000dd300000,0x00000000dd300000,0x00000000dde00000)
 ParOldGen       total 46080K, used 6668K [0x0000000080000000, 0x0000000082d00000, 0x00000000d5580000)
  object space 46080K, 14% used [0x0000000080000000,0x00000000806830e8,0x0000000082d00000)
 Metaspace       used 34230K, capacity 35412K, committed 35496K, reserved 1079296K
  class space    used 4714K, capacity 5001K, committed 5040K, reserved 1048576K
Event: 4.773 GC heap after
Heap after GC invocations=10 (full 1):
 PSYoungGen      total 139776K, used 11237K [0x00000000d5580000, 0x00000000e2f80000, 0x0000000100000000)
  eden space 128512K, 0% used [0x00000000d5580000,0x00000000d5580000,0x00000000dd300000)
  from space 11264K, 99% used [0x00000000dd300000,0x00000000dddf96a8,0x00000000dde00000)
  to   space 12800K, 0% used [0x00000000e2300000,0x00000000e2300000,0x00000000e2f80000)
 ParOldGen       total 46080K, used 6691K [0x0000000080000000, 0x0000000082d00000, 0x00000000d5580000)
  object space 46080K, 14% used [0x0000000080000000,0x0000000080688fc8,0x0000000082d00000)
 Metaspace       used 34230K, capacity 35412K, committed 35496K, reserved 1079296K
  class space    used 4714K, capacity 5001K, committed 5040K, reserved 1048576K
}
Event: 4.773 GC heap before
{Heap before GC invocations=11 (full 2):
 PSYoungGen      total 139776K, used 11237K [0x00000000d5580000, 0x00000000e2f80000, 0x0000000100000000)
  eden space 128512K, 0% used [0x00000000d5580000,0x00000000d5580000,0x00000000dd300000)
  from space 11264K, 99% used [0x00000000dd300000,0x00000000dddf96a8,0x00000000dde00000)
  to   space 12800K, 0% used [0x00000000e2300000,0x00000000e2300000,0x00000000e2f80000)
 ParOldGen       total 46080K, used 6691K [0x0000000080000000, 0x0000000082d00000, 0x00000000d5580000)
  object space 46080K, 14% used [0x0000000080000000,0x0000000080688fc8,0x0000000082d00000)
 Metaspace       used 34230K, capacity 35412K, committed 35496K, reserved 1079296K
  class space    used 4714K, capacity 5001K, committed 5040K, reserved 1048576K
Event: 4.845 GC heap after
Heap after GC invocations=11 (full 2):
 PSYoungGen      total 139776K, used 0K [0x00000000d5580000, 0x00000000e2f80000, 0x0000000100000000)
  eden space 128512K, 0% used [0x00000000d5580000,0x00000000d5580000,0x00000000dd300000)
  from space 11264K, 0% used [0x00000000dd300000,0x00000000dd300000,0x00000000dde00000)
  to   space 12800K, 0% used [0x00000000e2300000,0x00000000e2300000,0x00000000e2f80000)
 ParOldGen       total 46080K, used 17309K [0x0000000080000000, 0x0000000082d00000, 0x00000000d5580000)
  object space 46080K, 37% used [0x0000000080000000,0x00000000810e76d0,0x0000000082d00000)
 Metaspace       used 34230K, capacity 35412K, committed 35496K, reserved 1079296K
  class space    used 4714K, capacity 5001K, committed 5040K, reserved 1048576K
}

