# JRE version: OpenJDK Runtime Environment (8.0_242-b01) (build 1.8.0_242-release-1644-b01)
# Java VM: OpenJDK 64-Bit Server VM (25.242-b01 mixed mode windows-amd64 compressed oops)
Heap:
 PSYoungGen      total 195072K, used 176377K [0x00000000d5580000, 0x00000000e3480000, 0x0000000100000000)
  eden space 183808K, 90% used [0x00000000d5580000,0x00000000df729a30,0x00000000e0900000)
  from space 11264K, 96% used [0x00000000e2980000,0x00000000e3414bc0,0x00000000e3480000)
  to   space 14848K, 0% used [0x00000000e1780000,0x00000000e1780000,0x00000000e2600000)
 ParOldGen       total 85504K, used 17196K [0x0000000080000000, 0x0000000085380000, 0x00000000d5580000)
  object space 85504K, 20% used [0x0000000080000000,0x00000000810cb048,0x0000000085380000)
 Metaspace       used 53675K, capacity 55888K, committed 56104K, reserved 1097728K
  class space    used 7261K, capacity 7704K, committed 7728K, reserved 1048576K
GC Heap History (10 events):
Event: 3.933 GC heap before
{Heap before GC invocations=6 (full 1):
 PSYoungGen      total 71680K, used 5088K [0x00000000d5580000, 0x00000000df080000, 0x0000000100000000)
  eden space 66560K, 0% used [0x00000000d5580000,0x00000000d5580000,0x00000000d9680000)
  from space 5120K, 99% used [0x00000000d9680000,0x00000000d9b78030,0x00000000d9b80000)
  to   space 12800K, 0% used [0x00000000de400000,0x00000000de400000,0x00000000df080000)
 ParOldGen       total 87552K, used 11039K [0x0000000080000000, 0x0000000085580000, 0x00000000d5580000)
  object space 87552K, 12% used [0x0000000080000000,0x0000000080ac7c68,0x0000000085580000)
 Metaspace       used 20584K, capacity 21224K, committed 21296K, reserved 1067008K
  class space    used 2876K, capacity 3076K, committed 3120K, reserved 1048576K
Event: 3.968 GC heap after
Heap after GC invocations=6 (full 1):
 PSYoungGen      total 71680K, used 0K [0x00000000d5580000, 0x00000000df080000, 0x0000000100000000)
  eden space 66560K, 0% used [0x00000000d5580000,0x00000000d5580000,0x00000000d9680000)
  from space 5120K, 0% used [0x00000000d9680000,0x00000000d9680000,0x00000000d9b80000)
  to   space 12800K, 0% used [0x00000000de400000,0x00000000de400000,0x00000000df080000)
 ParOldGen       total 54784K, used 6908K [0x0000000080000000, 0x0000000083580000, 0x00000000d5580000)
  object space 54784K, 12% used [0x0000000080000000,0x00000000806bf0e8,0x0000000083580000)
 Metaspace       used 20584K, capacity 21224K, committed 21296K, reserved 1067008K
  class space    used 2876K, capacity 3076K, committed 3120K, reserved 1048576K
}
Event: 5.174 GC heap before
{Heap before GC invocations=7 (full 1):
 PSYoungGen      total 71680K, used 66560K [0x00000000d5580000, 0x00000000df080000, 0x0000000100000000)
  eden space 66560K, 100% used [0x00000000d5580000,0x00000000d9680000,0x00000000d9680000)
  from space 5120K, 0% used [0x00000000d9680000,0x00000000d9680000,0x00000000d9b80000)
  to   space 12800K, 0% used [0x00000000de400000,0x00000000de400000,0x00000000df080000)
 ParOldGen       total 54784K, used 6908K [0x0000000080000000, 0x0000000083580000, 0x00000000d5580000)
  object space 54784K, 12% used [0x0000000080000000,0x00000000806bf0e8,0x0000000083580000)
 Metaspace       used 28662K, capacity 29540K, committed 29616K, reserved 1075200K
  class space    used 3967K, capacity 4220K, committed 4272K, reserved 1048576K
Event: 5.182 GC heap after
Heap after GC invocations=7 (full 1):
 PSYoungGen      total 125440K, used 8383K [0x00000000d5580000, 0x00000000dec80000, 0x0000000100000000)
  eden space 116736K, 0% used [0x00000000d5580000,0x00000000d5580000,0x00000000dc780000)
  from space 8704K, 96% used [0x00000000de400000,0x00000000dec2fdd8,0x00000000dec80000)
  to   space 12800K, 0% used [0x00000000dd380000,0x00000000dd380000,0x00000000de000000)
 ParOldGen       total 54784K, used 6916K [0x0000000080000000, 0x0000000083580000, 0x00000000d5580000)
  object space 54784K, 12% used [0x0000000080000000,0x00000000806c10e8,0x0000000083580000)
 Metaspace       used 28662K, capacity 29540K, committed 29616K, reserved 1075200K
  class space    used 3967K, capacity 4220K, committed 4272K, reserved 1048576K
}
Event: 6.280 GC heap before
{Heap before GC invocations=8 (full 1):
 PSYoungGen      total 125440K, used 104439K [0x00000000d5580000, 0x00000000dec80000, 0x0000000100000000)
  eden space 116736K, 82% used [0x00000000d5580000,0x00000000db34ded8,0x00000000dc780000)
  from space 8704K, 96% used [0x00000000de400000,0x00000000dec2fdd8,0x00000000dec80000)
  to   space 12800K, 0% used [0x00000000dd380000,0x00000000dd380000,0x00000000de000000)
 ParOldGen       total 54784K, used 6916K [0x0000000080000000, 0x0000000083580000, 0x00000000d5580000)
  object space 54784K, 12% used [0x0000000080000000,0x00000000806c10e8,0x0000000083580000)
 Metaspace       used 34225K, capacity 35412K, committed 35496K, reserved 1079296K
  class space    used 4707K, capacity 5001K, committed 5040K, reserved 1048576K
Event: 6.301 GC heap after
Heap after GC invocations=8 (full 1):
 PSYoungGen      total 141824K, used 11118K [0x00000000d5580000, 0x00000000e3780000, 0x0000000100000000)
  eden space 129024K, 0% used [0x00000000d5580000,0x00000000d5580000,0x00000000dd380000)
  from space 12800K, 86% used [0x00000000dd380000,0x00000000dde5b8d0,0x00000000de000000)
  to   space 14336K, 0% used [0x00000000e2980000,0x00000000e2980000,0x00000000e3780000)
 ParOldGen       total 54784K, used 6924K [0x0000000080000000, 0x0000000083580000, 0x00000000d5580000)
  object space 54784K, 12% used [0x0000000080000000,0x00000000806c30e8,0x0000000083580000)
 Metaspace       used 34225K, capacity 35412K, committed 35496K, reserved 1079296K
  class space    used 4707K, capacity 5001K, committed 5040K, reserved 1048576K
}
Event: 6.301 GC heap before
{Heap before GC invocations=9 (full 2):
 PSYoungGen      total 141824K, used 11118K [0x00000000d5580000, 0x00000000e3780000, 0x0000000100000000)
  eden space 129024K, 0% used [0x00000000d5580000,0x00000000d5580000,0x00000000dd380000)
  from space 12800K, 86% used [0x00000000dd380000,0x00000000dde5b8d0,0x00000000de000000)
  to   space 14336K, 0% used [0x00000000e2980000,0x00000000e2980000,0x00000000e3780000)
 ParOldGen       total 54784K, used 6924K [0x0000000080000000, 0x0000000083580000, 0x00000000d5580000)
  object space 54784K, 12% used [0x0000000080000000,0x00000000806c30e8,0x0000000083580000)
 Metaspace       used 34225K, capacity 35412K, committed 35496K, reserved 1079296K
  class space    used 4707K, capacity 5001K, committed 5040K, reserved 1048576K
Event: 6.408 GC heap after
Heap after GC invocations=9 (full 2):
 PSYoungGen      total 141824K, used 0K [0x00000000d5580000, 0x00000000e3780000, 0x0000000100000000)
  eden space 129024K, 0% used [0x00000000d5580000,0x00000000d5580000,0x00000000dd380000)
  from space 12800K, 0% used [0x00000000dd380000,0x00000000dd380000,0x00000000de000000)
  to   space 14336K, 0% used [0x00000000e2980000,0x00000000e2980000,0x00000000e3780000)
 ParOldGen       total 85504K, used 17188K [0x0000000080000000, 0x0000000085380000, 0x00000000d5580000)
  object space 85504K, 20% used [0x0000000080000000,0x00000000810c9048,0x0000000085380000)
 Metaspace       used 34225K, capacity 35412K, committed 35496K, reserved 1079296K
  class space    used 4707K, capacity 5001K, committed 5040K, reserved 1048576K
}
Event: 11.232 GC heap before
{Heap before GC invocations=10 (full 2):
 PSYoungGen      total 141824K, used 129024K [0x00000000d5580000, 0x00000000e3780000, 0x0000000100000000)
  eden space 129024K, 100% used [0x00000000d5580000,0x00000000dd380000,0x00000000dd380000)
  from space 12800K, 0% used [0x00000000dd380000,0x00000000dd380000,0x00000000de000000)
  to   space 14336K, 0% used [0x00000000e2980000,0x00000000e2980000,0x00000000e3780000)
 ParOldGen       total 85504K, used 17188K [0x0000000080000000, 0x0000000085380000, 0x00000000d5580000)
  object space 85504K, 20% used [0x0000000080000000,0x00000000810c9048,0x0000000085380000)
 Metaspace       used 39774K, capacity 41634K, committed 41768K, reserved 1085440K
  class space    used 5485K, capacity 5866K, committed 5936K, reserved 1048576K
Event: 11.247 GC heap after
Heap after GC invocations=10 (full 2):
 PSYoungGen      total 195072K, used 10834K [0x00000000d5580000, 0x00000000e3480000, 0x0000000100000000)
  eden space 183808K, 0% used [0x00000000d5580000,0x00000000d5580000,0x00000000e0900000)
  from space 11264K, 96% used [0x00000000e2980000,0x00000000e3414bc0,0x00000000e3480000)
  to   space 14848K, 0% used [0x00000000e1780000,0x00000000e1780000,0x00000000e2600000)
 ParOldGen       total 85504K, used 17196K [0x0000000080000000, 0x0000000085380000, 0x00000000d5580000)
  object space 85504K, 20% used [0x0000000080000000,0x00000000810cb048,0x0000000085380000)
 Metaspace       used 39774K, capacity 41634K, committed 41768K, reserved 1085440K
  class space    used 5485K, capacity 5866K, committed 5936K, reserved 1048576K
}

